<?xml version="1.0" encoding="UTF-8"?>
<testng-results ignored="0" total="2" passed="2" failed="0" skipped="0">
  <reporter-output>
  </reporter-output>
  <suite started-at="2022-03-15T01:11:40 IST" name="Default Suite" finished-at="2022-03-15T01:11:42 IST" duration-ms="2121">
    <groups>
    </groups>
    <test started-at="2022-03-15T01:11:40 IST" name="RestAssuredAssignment" finished-at="2022-03-15T01:11:42 IST" duration-ms="2121">
      <class name="Register">
        <test-method signature="successful()[pri:0, instance:Register@6a2b953e]" started-at="2022-03-15T01:11:40 IST" name="successful" finished-at="2022-03-15T01:11:42 IST" duration-ms="1559" status="PASS">
          <reporter-output>
          </reporter-output>
        </test-method> <!-- successful -->
        <test-method signature="unSuccessful()[pri:0, instance:Register@6a2b953e]" started-at="2022-03-15T01:11:42 IST" name="unSuccessful" finished-at="2022-03-15T01:11:42 IST" duration-ms="491" status="PASS">
          <reporter-output>
          </reporter-output>
        </test-method> <!-- unSuccessful -->
      </class> <!-- Register -->
    </test> <!-- RestAssuredAssignment -->
  </suite> <!-- Default Suite -->
</testng-results>
